app/mobile-iot-enviroment/build/app/intermediates/manifest_merge_blame_file/debug/manifest-merger-blame-debug-report.txt
1<?xml version="1.0" encoding="utf-8"?>
2<manifest xmlns:android="http://schemas.android.com/apk/res/android"
3    package="com.example.mobile_iot_enviroment"
4    android:versionCode="1"
5    android:versionName="1.0.0" >
6
7    <uses-sdk
8        android:minSdkVersion="21"
9        android:targetSdkVersion="33" />
10    <!--
11         The INTERNET permission is required for development. Specifically,
12         the Flutter tool needs it to communicate with the running application
13         to allow setting breakpoints, to provide hot reload, etc.
14    -->
15    <uses-permission android:name="android.permission.INTERNET" />
15-->src\main\AndroidManifest.xml:42:5-67
15-->src\main\AndroidManifest.xml:42:22-64
16    <uses-permission android:name="android.permission.FOREGROUND_SERVICE" />
16-->src\main\AndroidManifest.xml:37:5-77
16-->src\main\AndroidManifest.xml:37:22-74
17    <uses-permission android:name="android.permission.ACCESS_FINE_LOCATION" />
17-->src\main\AndroidManifest.xml:38:5-79
17-->src\main\AndroidManifest.xml:38:22-76
18    <uses-permission android:name="android.permission.ACCESS_COARSE_LOCATION" />
18-->src\main\AndroidManifest.xml:39:5-81
18-->src\main\AndroidManifest.xml:39:22-78
19    <uses-permission android:name="android.permission.ACCESS_NETWORK_STATE" />
19-->src\main\AndroidManifest.xml:40:5-79
19-->src\main\AndroidManifest.xml:40:22-76
20    <uses-permission android:name="android.permission.ACCESS_BACKGROUND_LOCATION" />
20-->src\main\AndroidManifest.xml:41:5-84
20-->src\main\AndroidManifest.xml:41:22-82
21
22    <uses-feature
22-->[com.mapbox.maps:android-core:10.13.1] AndroidManifest.xml:10:5-12:35
23        android:glEsVersion="0x00020000"
23-->[com.mapbox.maps:android-core:10.13.1] AndroidManifest.xml:11:9-41
24        android:required="true" />
24-->[com.mapbox.maps:android-core:10.13.1] AndroidManifest.xml:12:9-32
25    <uses-feature
25-->[com.mapbox.maps:android-core:10.13.1] AndroidManifest.xml:13:5-15:36
26        android:name="android.hardware.wifi"
26-->[com.mapbox.maps:android-core:10.13.1] AndroidManifest.xml:14:9-45
27        android:required="false" />
27-->[com.mapbox.maps:android-core:10.13.1] AndroidManifest.xml:15:9-33
28
29    <uses-permission android:name="android.permission.ACCESS_WIFI_STATE" />
29-->[com.mapbox.maps:android-core:10.13.1] AndroidManifest.xml:19:5-76
29-->[com.mapbox.maps:android-core:10.13.1] AndroidManifest.xml:19:22-73
30
31    <permission
31-->[androidx.core:core:1.10.1] AndroidManifest.xml:22:5-24:47
32        android:name="com.example.mobile_iot_enviroment.DYNAMIC_RECEIVER_NOT_EXPORTED_PERMISSION"
32-->[androidx.core:core:1.10.1] AndroidManifest.xml:23:9-81
33        android:protectionLevel="signature" />
33-->[androidx.core:core:1.10.1] AndroidManifest.xml:24:9-44
34
35    <uses-permission android:name="com.example.mobile_iot_enviroment.DYNAMIC_RECEIVER_NOT_EXPORTED_PERMISSION" />
35-->[androidx.core:core:1.10.1] AndroidManifest.xml:26:5-97
35-->[androidx.core:core:1.10.1] AndroidManifest.xml:26:22-94
36
37    <application
38        android:name="android.app.Application"
39        android:appComponentFactory="androidx.core.app.CoreComponentFactory"
39-->[androidx.core:core:1.10.1] AndroidManifest.xml:28:18-86
40        android:debuggable="true"
41        android:icon="@mipmap/ic_launcher"
42        android:label="mobile_iot_enviroment" >
43        <activity
44            android:name="com.example.mobile_iot_enviroment.MainActivity"
45            android:configChanges="orientation|keyboardHidden|keyboard|screenSize|smallestScreenSize|locale|layoutDirection|fontScale|screenLayout|density|uiMode"
46            android:exported="true"
47            android:hardwareAccelerated="true"
48            android:launchMode="singleTop"
49            android:theme="@style/LaunchTheme"
50            android:windowSoftInputMode="adjustResize" >
51
52            <!--
53                 Specifies an Android theme to apply to this Activity as soon as
54                 the Android process has started. This theme is visible to the user
55                 while the Flutter UI initializes. After that, this theme continues
56                 to determine the Window background behind the Flutter UI.
57            -->
58            <meta-data
59                android:name="io.flutter.embedding.android.NormalTheme"
60                android:resource="@style/NormalTheme" />
61
62            <intent-filter>
63                <action android:name="android.intent.action.MAIN" />
64
65                <category android:name="android.intent.category.LAUNCHER" />
66            </intent-filter>
67        </activity>
68        <!--
69             Don't delete the meta-data below.
70             This is used by the Flutter tool to generate GeneratedPluginRegistrant.java
71        -->
72        <meta-data
73            android:name="flutterEmbedding"
74            android:value="2" />
75
76        <!--
77             <meta-data android:name="com.google.android.geo.API_KEY"
78               android:value="AIzaSyAkikjMOHRoApbFCg2_XWArhFxhcmEWLHo"/>
79        -->
80        <service
80-->[:location] AndroidManifest.xml:13:9-17:56
81            android:name="com.lyokone.location.FlutterLocationService"
81-->[:location] AndroidManifest.xml:14:13-71
82            android:enabled="true"
82-->[:location] AndroidManifest.xml:15:13-35
83            android:exported="false"
83-->[:location] AndroidManifest.xml:16:13-37
84            android:foregroundServiceType="location" />
84-->[:location] AndroidManifest.xml:17:13-53
85
86        <activity
86-->[com.google.android.gms:play-services-base:18.1.0] AndroidManifest.xml:20:9-22:45
87            android:name="com.google.android.gms.common.api.GoogleApiActivity"
87-->[com.google.android.gms:play-services-base:18.1.0] AndroidManifest.xml:20:19-85
88            android:exported="false"
88-->[com.google.android.gms:play-services-base:18.1.0] AndroidManifest.xml:22:19-43
89            android:theme="@android:style/Theme.Translucent.NoTitleBar" />
89-->[com.google.android.gms:play-services-base:18.1.0] AndroidManifest.xml:21:19-78
90
91        <meta-data
91-->[com.google.android.gms:play-services-basement:18.1.0] AndroidManifest.xml:21:9-23:69
92            android:name="com.google.android.gms.version"
92-->[com.google.android.gms:play-services-basement:18.1.0] AndroidManifest.xml:22:13-58
93            android:value="@integer/google_play_services_version" />
93-->[com.google.android.gms:play-services-basement:18.1.0] AndroidManifest.xml:23:13-66
94
95        <uses-library
95-->[androidx.window:window:1.0.0-beta04] AndroidManifest.xml:25:9-27:40
96            android:name="androidx.window.extensions"
96-->[androidx.window:window:1.0.0-beta04] AndroidManifest.xml:26:13-54
97            android:required="false" />
97-->[androidx.window:window:1.0.0-beta04] AndroidManifest.xml:27:13-37
98        <uses-library
98-->[androidx.window:window:1.0.0-beta04] AndroidManifest.xml:28:9-30:40
99            android:name="androidx.window.sidecar"
99-->[androidx.window:window:1.0.0-beta04] AndroidManifest.xml:29:13-51
100            android:required="false" />
100-->[androidx.window:window:1.0.0-beta04] AndroidManifest.xml:30:13-37
101
102        <provider
102-->[com.mapbox.maps:android-core:10.13.1] AndroidManifest.xml:22:9-30:20
103            android:name="androidx.startup.InitializationProvider"
103-->[com.mapbox.maps:android-core:10.13.1] AndroidManifest.xml:23:13-67
104            android:authorities="com.example.mobile_iot_enviroment.androidx-startup"
104-->[com.mapbox.maps:android-core:10.13.1] AndroidManifest.xml:24:13-68
105            android:exported="false" >
105-->[com.mapbox.maps:android-core:10.13.1] AndroidManifest.xml:25:13-37
106            <meta-data
106-->[com.mapbox.maps:android-core:10.13.1] AndroidManifest.xml:27:13-29:52
107                android:name="com.mapbox.maps.loader.MapboxMapsInitializer"
107-->[com.mapbox.maps:android-core:10.13.1] AndroidManifest.xml:28:17-76
108                android:value="androidx.startup" />
108-->[com.mapbox.maps:android-core:10.13.1] AndroidManifest.xml:29:17-49
109            <!-- This entry makes MapboxSDKCommonInitializer discoverable. -->
110            <meta-data
110-->[com.mapbox.common:common:23.5.0] AndroidManifest.xml:21:13-23:52
111                android:name="com.mapbox.common.MapboxSDKCommonInitializer"
111-->[com.mapbox.common:common:23.5.0] AndroidManifest.xml:22:17-76
112                android:value="androidx.startup" />
112-->[com.mapbox.common:common:23.5.0] AndroidManifest.xml:23:17-49
113        </provider>
114
115        <receiver
115-->[com.mapbox.common:common:23.5.0] AndroidManifest.xml:26:9-33:20
116            android:name="com.mapbox.common.location.LocationUpdatesReceiver"
116-->[com.mapbox.common:common:23.5.0] AndroidManifest.xml:27:13-78
117            android:enabled="true"
117-->[com.mapbox.common:common:23.5.0] AndroidManifest.xml:28:13-35
118            android:exported="false" >
118-->[com.mapbox.common:common:23.5.0] AndroidManifest.xml:29:13-37
119            <intent-filter>
119-->[com.mapbox.common:common:23.5.0] AndroidManifest.xml:30:13-32:29
120                <action android:name="com.mapbox.common.location.LocationUpdatesReceiver.ACTION_PROCESS_LOCATION_UPDATES" />
120-->[com.mapbox.common:common:23.5.0] AndroidManifest.xml:31:17-125
120-->[com.mapbox.common:common:23.5.0] AndroidManifest.xml:31:25-122
121            </intent-filter>
122        </receiver>
123
124        <service
124-->[com.mapbox.common:common:23.5.0] AndroidManifest.xml:35:9-37:40
125            android:name="com.mapbox.common.LifecycleService"
125-->[com.mapbox.common:common:23.5.0] AndroidManifest.xml:36:13-62
126            android:exported="false" />
126-->[com.mapbox.common:common:23.5.0] AndroidManifest.xml:37:13-37
127    </application>
128
129</manifest>